Flow report for Atividade08
Mon Aug 28 19:18:46 2017
Quartus II 64-Bit Version 13.0.1 Build 232 06/12/2013 Service Pack 1 SJ Web Edition


---------------------
; Table of Contents ;
---------------------
  1. Legal Notice
  2. Flow Summary
  3. Flow Settings
  4. Flow Non-Default Global Settings
  5. Flow Elapsed Time
  6. Flow OS Summary
  7. Flow Log
  8. Flow Messages
  9. Flow Suppressed Messages



----------------
; Legal Notice ;
----------------
Copyright (C) 1991-2013 Altera Corporation
Your use of Altera Corporation's design tools, logic functions 
and other software and tools, and its AMPP partner logic 
functions, and any output files from any of the foregoing 
(including device programming or simulation files), and any 
associated documentation or information are expressly subject 
to the terms and conditions of the Altera Program License 
Subscription Agreement, Altera MegaCore Function License 
Agreement, or other applicable license agreement, including, 
without limitation, that your use is for the sole purpose of 
programming logic devices manufactured by Altera and sold by 
Altera or its authorized distributors.  Please refer to the 
applicable agreement for further details.



+--------------------------------------------------------------------------------------+
; Flow Summary                                                                         ;
+------------------------------------+-------------------------------------------------+
; Flow Status                        ; Successful - Mon Aug 28 19:18:46 2017           ;
; Quartus II 64-Bit Version          ; 13.0.1 Build 232 06/12/2013 SP 1 SJ Web Edition ;
; Revision Name                      ; Atividade08                                     ;
; Top-level Entity Name              ; main_processador                                ;
; Family                             ; Cyclone II                                      ;
; Device                             ; EP2C35F672C6                                    ;
; Timing Models                      ; Final                                           ;
; Total logic elements               ; 1,079 / 33,216 ( 3 % )                          ;
;     Total combinational functions  ; 933 / 33,216 ( 3 % )                            ;
;     Dedicated logic registers      ; 330 / 33,216 ( < 1 % )                          ;
; Total registers                    ; 330                                             ;
; Total pins                         ; 53 / 475 ( 11 % )                               ;
; Total virtual pins                 ; 0                                               ;
; Total memory bits                  ; 8,192 / 483,840 ( 2 % )                         ;
; Embedded Multiplier 9-bit elements ; 0 / 70 ( 0 % )                                  ;
; Total PLLs                         ; 0 / 4 ( 0 % )                                   ;
+------------------------------------+-------------------------------------------------+


+-----------------------------------------+
; Flow Settings                           ;
+-------------------+---------------------+
; Option            ; Setting             ;
+-------------------+---------------------+
; Start date & time ; 08/28/2017 19:18:03 ;
; Main task         ; Compilation         ;
; Revision Name     ; Atividade08         ;
+-------------------+---------------------+


+--------------------------------------------------------------------------------------------------------------------------+
; Flow Non-Default Global Settings                                                                                         ;
+-------------------------------------+--------------------------------+---------------+------------------+----------------+
; Assignment Name                     ; Value                          ; Default Value ; Entity Name      ; Section Id     ;
+-------------------------------------+--------------------------------+---------------+------------------+----------------+
; COMPILER_SIGNATURE_ID               ; 18005776577635.150395868303848 ; --            ; --               ; --             ;
; EDA_OUTPUT_DATA_FORMAT              ; Vhdl                           ; --            ; --               ; eda_simulation ;
; EDA_SIMULATION_TOOL                 ; ModelSim-Altera (VHDL)         ; <None>        ; --               ; --             ;
; IP_TOOL_NAME                        ; ROM: 1-PORT                    ; --            ; --               ; --             ;
; IP_TOOL_NAME                        ; RAM: 2-PORT                    ; --            ; --               ; --             ;
; IP_TOOL_VERSION                     ; 13.0                           ; --            ; --               ; --             ;
; IP_TOOL_VERSION                     ; 13.0                           ; --            ; --               ; --             ;
; MAX_CORE_JUNCTION_TEMP              ; 85                             ; --            ; --               ; --             ;
; MIN_CORE_JUNCTION_TEMP              ; 0                              ; --            ; --               ; --             ;
; PARTITION_COLOR                     ; 16764057                       ; --            ; main_processador ; Top            ;
; PARTITION_FITTER_PRESERVATION_LEVEL ; PLACEMENT_AND_ROUTING          ; --            ; main_processador ; Top            ;
; PARTITION_NETLIST_TYPE              ; SOURCE                         ; --            ; main_processador ; Top            ;
; PROJECT_OUTPUT_DIRECTORY            ; output_files                   ; --            ; --               ; --             ;
; TOP_LEVEL_ENTITY                    ; main_processador               ; Atividade08   ; --               ; --             ;
+-------------------------------------+--------------------------------+---------------+------------------+----------------+


+-------------------------------------------------------------------------------------------------------------------------------+
; Flow Elapsed Time                                                                                                             ;
+---------------------------+--------------+-------------------------+---------------------+------------------------------------+
; Module Name               ; Elapsed Time ; Average Processors Used ; Peak Virtual Memory ; Total CPU Time (on all processors) ;
+---------------------------+--------------+-------------------------+---------------------+------------------------------------+
; Analysis & Synthesis      ; 00:00:08     ; 1.0                     ; 505 MB              ; 00:00:07                           ;
; Fitter                    ; 00:00:24     ; 1.0                     ; 675 MB              ; 00:00:20                           ;
; Assembler                 ; 00:00:04     ; 1.0                     ; 419 MB              ; 00:00:03                           ;
; TimeQuest Timing Analyzer ; 00:00:01     ; 1.0                     ; 410 MB              ; 00:00:02                           ;
; EDA Netlist Writer        ; 00:00:01     ; 1.0                     ; 400 MB              ; 00:00:01                           ;
; Total                     ; 00:00:38     ; --                      ; --                  ; 00:00:33                           ;
+---------------------------+--------------+-------------------------+---------------------+------------------------------------+


+----------------------------------------------------------------------------------------+
; Flow OS Summary                                                                        ;
+---------------------------+------------------+-----------+------------+----------------+
; Module Name               ; Machine Hostname ; OS Name   ; OS Version ; Processor type ;
+---------------------------+------------------+-----------+------------+----------------+
; Analysis & Synthesis      ; Eletrônica33-PC  ; Windows 7 ; 6.1        ; x86_64         ;
; Fitter                    ; Eletrônica33-PC  ; Windows 7 ; 6.1        ; x86_64         ;
; Assembler                 ; Eletrônica33-PC  ; Windows 7 ; 6.1        ; x86_64         ;
; TimeQuest Timing Analyzer ; Eletrônica33-PC  ; Windows 7 ; 6.1        ; x86_64         ;
; EDA Netlist Writer        ; Eletrônica33-PC  ; Windows 7 ; 6.1        ; x86_64         ;
+---------------------------+------------------+-----------+------------+----------------+


------------
; Flow Log ;
------------
quartus_map --read_settings_files=on --write_settings_files=off Atividade08 -c Atividade08
quartus_fit --read_settings_files=off --write_settings_files=off Atividade08 -c Atividade08
quartus_asm --read_settings_files=off --write_settings_files=off Atividade08 -c Atividade08
quartus_sta Atividade08 -c Atividade08
quartus_eda --read_settings_files=off --write_settings_files=off Atividade08 -c Atividade08



