Analysis & Synthesis report for Ativ05
Mon Aug 21 11:27:27 2017
Quartus II 64-Bit Version 13.0.1 Build 232 06/12/2013 Service Pack 1 SJ Web Edition


---------------------
; Table of Contents ;
---------------------
  1. Legal Notice
  2. Analysis & Synthesis Summary
  3. Analysis & Synthesis Settings
  4. Parallel Compilation
  5. Analysis & Synthesis Source Files Read
  6. Analysis & Synthesis Resource Usage Summary
  7. Analysis & Synthesis Resource Utilization by Entity
  8. Analysis & Synthesis RAM Summary
  9. Analysis & Synthesis IP Cores Summary
 10. State Machine - |main_vmachine|maquina_processador:mchn|state
 11. State Machine - |main_vmachine|maquina_processador:mchn|botaosincrono:BS00|estado
 12. State Machine - |main_vmachine|botaosincrono:sinc|estado
 13. Registers Removed During Synthesis
 14. General Register Statistics
 15. Source assignments for ROM_coin:coinrom|altsyncram:altsyncram_component|altsyncram_5v71:auto_generated
 16. Parameter Settings for User Entity Instance: clock_generator:CLK_1
 17. Parameter Settings for User Entity Instance: clock_generator:CLK_2
 18. Parameter Settings for User Entity Instance: maquina_processador:mchn|adder:sum
 19. Parameter Settings for User Entity Instance: maquina_processador:mchn|nbitreg:regtot
 20. Parameter Settings for User Entity Instance: maquina_processador:mchn|nbitcompmag:comp
 21. Parameter Settings for User Entity Instance: nbitcounter:adrs
 22. Parameter Settings for User Entity Instance: ROM_coin:coinrom|altsyncram:altsyncram_component
 23. Parameter Settings for User Entity Instance: nbitmux:mx
 24. altsyncram Parameter Settings by Entity Instance
 25. Port Connectivity Checks: "BinDisplay:Disp_ROM"
 26. Port Connectivity Checks: "BinDisplay:Disp_Tot|BinBCD:BBCD|binbcdbox:Box15"
 27. Port Connectivity Checks: "BinDisplay:Disp_Tot|BinBCD:BBCD|binbcdbox:Box14"
 28. Port Connectivity Checks: "BinDisplay:Disp_Tot|BinBCD:BBCD|binbcdbox:Box13"
 29. Port Connectivity Checks: "BinDisplay:Disp_Tot|BinBCD:BBCD|binbcdbox:Box12"
 30. Port Connectivity Checks: "BinDisplay:Disp_Tot|BinBCD:BBCD|binbcdbox:Box11"
 31. Port Connectivity Checks: "BinDisplay:Disp_Tot|BinBCD:BBCD|binbcdbox:Box10"
 32. Port Connectivity Checks: "BinDisplay:Disp_Tot|BinBCD:BBCD|binbcdbox:Box09"
 33. Port Connectivity Checks: "BinDisplay:Disp_Tot|BinBCD:BBCD|binbcdbox:Box08"
 34. Port Connectivity Checks: "BinDisplay:Disp_Tot|BinBCD:BBCD|binbcdbox:Box07"
 35. Port Connectivity Checks: "BinDisplay:Disp_Tot|BinBCD:BBCD|binbcdbox:Box06"
 36. Port Connectivity Checks: "BinDisplay:Disp_Tot|BinBCD:BBCD|binbcdbox:Box05"
 37. Port Connectivity Checks: "BinDisplay:Disp_Tot|BinBCD:BBCD|binbcdbox:Box04"
 38. Port Connectivity Checks: "BinDisplay:Disp_Tot|BinBCD:BBCD|binbcdbox:Box03"
 39. Port Connectivity Checks: "BinDisplay:Disp_Tot|BinBCD:BBCD|binbcdbox:Box02"
 40. Port Connectivity Checks: "BinDisplay:Disp_Tot|BinBCD:BBCD|binbcdbox:Box01"
 41. Port Connectivity Checks: "BinDisplay:Disp_Tot|BinBCD:BBCD|binbcdbox:Box00"
 42. Port Connectivity Checks: "BinDisplay:Disp_Tot"
 43. Port Connectivity Checks: "nbitcounter:adrs"
 44. Port Connectivity Checks: "maquina_processador:mchn|nbitcompmag:comp"
 45. Port Connectivity Checks: "maquina_processador:mchn|adder:sum"
 46. Elapsed Time Per Partition
 47. Analysis & Synthesis Messages



----------------
; Legal Notice ;
----------------
Copyright (C) 1991-2013 Altera Corporation
Your use of Altera Corporation's design tools, logic functions 
and other software and tools, and its AMPP partner logic 
functions, and any output files from any of the foregoing 
(including device programming or simulation files), and any 
associated documentation or information are expressly subject 
to the terms and conditions of the Altera Program License 
Subscription Agreement, Altera MegaCore Function License 
Agreement, or other applicable license agreement, including, 
without limitation, that your use is for the sole purpose of 
programming logic devices manufactured by Altera and sold by 
Altera or its authorized distributors.  Please refer to the 
applicable agreement for further details.



+--------------------------------------------------------------------------------------+
; Analysis & Synthesis Summary                                                         ;
+------------------------------------+-------------------------------------------------+
; Analysis & Synthesis Status        ; Successful - Mon Aug 21 11:27:27 2017           ;
; Quartus II 64-Bit Version          ; 13.0.1 Build 232 06/12/2013 SP 1 SJ Web Edition ;
; Revision Name                      ; Ativ05                                          ;
; Top-level Entity Name              ; main_vmachine                                   ;
; Family                             ; Cyclone II                                      ;
; Total logic elements               ; 211                                             ;
;     Total combinational functions  ; 210                                             ;
;     Dedicated logic registers      ; 66                                              ;
; Total registers                    ; 66                                              ;
; Total pins                         ; 57                                              ;
; Total virtual pins                 ; 0                                               ;
; Total memory bits                  ; 96                                              ;
; Embedded Multiplier 9-bit elements ; 0                                               ;
; Total PLLs                         ; 0                                               ;
+------------------------------------+-------------------------------------------------+


+----------------------------------------------------------------------------------------------------------------------+
; Analysis & Synthesis Settings                                                                                        ;
+----------------------------------------------------------------------------+--------------------+--------------------+
; Option                                                                     ; Setting            ; Default Value      ;
+----------------------------------------------------------------------------+--------------------+--------------------+
; Device                                                                     ; EP2C35F672C6       ;                    ;
; Top-level entity name                                                      ; main_vmachine      ; Ativ05             ;
; Family name                                                                ; Cyclone II         ; Cyclone IV GX      ;
; Use smart compilation                                                      ; Off                ; Off                ;
; Enable parallel Assembler and TimeQuest Timing Analyzer during compilation ; On                 ; On                 ;
; Enable compact report table                                                ; Off                ; Off                ;
; Restructure Multiplexers                                                   ; Auto               ; Auto               ;
; Create Debugging Nodes for IP Cores                                        ; Off                ; Off                ;
; Preserve fewer node names                                                  ; On                 ; On                 ;
; Disable OpenCore Plus hardware evaluation                                  ; Off                ; Off                ;
; Verilog Version                                                            ; Verilog_2001       ; Verilog_2001       ;
; VHDL Version                                                               ; VHDL_1993          ; VHDL_1993          ;
; State Machine Processing                                                   ; Auto               ; Auto               ;
; Safe State Machine                                                         ; Off                ; Off                ;
; Extract Verilog State Machines                                             ; On                 ; On                 ;
; Extract VHDL State Machines                                                ; On                 ; On                 ;
; Ignore Verilog initial constructs                                          ; Off                ; Off                ;
; Iteration limit for constant Verilog loops                                 ; 5000               ; 5000               ;
; Iteration limit for non-constant Verilog loops                             ; 250                ; 250                ;
; Add Pass-Through Logic to Inferred RAMs                                    ; On                 ; On                 ;
; Infer RAMs from Raw Logic                                                  ; On                 ; On                 ;
; Parallel Synthesis                                                         ; On                 ; On                 ;
; DSP Block Balancing                                                        ; Auto               ; Auto               ;
; NOT Gate Push-Back                                                         ; On                 ; On                 ;
; Power-Up Don't Care                                                        ; On                 ; On                 ;
; Remove Redundant Logic Cells                                               ; Off                ; Off                ;
; Remove Duplicate Registers                                                 ; On                 ; On                 ;
; Ignore CARRY Buffers                                                       ; Off                ; Off                ;
; Ignore CASCADE Buffers                                                     ; Off                ; Off                ;
; Ignore GLOBAL Buffers                                                      ; Off                ; Off                ;
; Ignore ROW GLOBAL Buffers                                                  ; Off                ; Off                ;
; Ignore LCELL Buffers                                                       ; Off                ; Off                ;
; Ignore SOFT Buffers                                                        ; On                 ; On                 ;
; Limit AHDL Integers to 32 Bits                                             ; Off                ; Off                ;
; Optimization Technique                                                     ; Balanced           ; Balanced           ;
; Carry Chain Length                                                         ; 70                 ; 70                 ;
; Auto Carry Chains                                                          ; On                 ; On                 ;
; Auto Open-Drain Pins                                                       ; On                 ; On                 ;
; Perform WYSIWYG Primitive Resynthesis                                      ; Off                ; Off                ;
; Auto ROM Replacement                                                       ; On                 ; On                 ;
; Auto RAM Replacement                                                       ; On                 ; On                 ;
; Auto Shift Register Replacement                                            ; Auto               ; Auto               ;
; Allow Shift Register Merging across Hierarchies                            ; Auto               ; Auto               ;
; Auto Clock Enable Replacement                                              ; On                 ; On                 ;
; Strict RAM Replacement                                                     ; Off                ; Off                ;
; Allow Synchronous Control Signals                                          ; On                 ; On                 ;
; Force Use of Synchronous Clear Signals                                     ; Off                ; Off                ;
; Auto RAM to Logic Cell Conversion                                          ; Off                ; Off                ;
; Auto Resource Sharing                                                      ; Off                ; Off                ;
; Allow Any RAM Size For Recognition                                         ; Off                ; Off                ;
; Allow Any ROM Size For Recognition                                         ; Off                ; Off                ;
; Allow Any Shift Register Size For Recognition                              ; Off                ; Off                ;
; Use LogicLock Constraints during Resource Balancing                        ; On                 ; On                 ;
; Ignore translate_off and synthesis_off directives                          ; Off                ; Off                ;
; Timing-Driven Synthesis                                                    ; Off                ; Off                ;
; Report Parameter Settings                                                  ; On                 ; On                 ;
; Report Source Assignments                                                  ; On                 ; On                 ;
; Report Connectivity Checks                                                 ; On                 ; On                 ;
; Ignore Maximum Fan-Out Assignments                                         ; Off                ; Off                ;
; Synchronization Register Chain Length                                      ; 2                  ; 2                  ;
; PowerPlay Power Optimization                                               ; Normal compilation ; Normal compilation ;
; HDL message level                                                          ; Level2             ; Level2             ;
; Suppress Register Optimization Related Messages                            ; Off                ; Off                ;
; Number of Removed Registers Reported in Synthesis Report                   ; 5000               ; 5000               ;
; Number of Swept Nodes Reported in Synthesis Report                         ; 5000               ; 5000               ;
; Number of Inverted Registers Reported in Synthesis Report                  ; 100                ; 100                ;
; Clock MUX Protection                                                       ; On                 ; On                 ;
; Auto Gated Clock Conversion                                                ; Off                ; Off                ;
; Block Design Naming                                                        ; Auto               ; Auto               ;
; SDC constraint protection                                                  ; Off                ; Off                ;
; Synthesis Effort                                                           ; Auto               ; Auto               ;
; Shift Register Replacement - Allow Asynchronous Clear Signal               ; On                 ; On                 ;
; Pre-Mapping Resynthesis Optimization                                       ; Off                ; Off                ;
; Analysis & Synthesis Message Level                                         ; Medium             ; Medium             ;
; Disable Register Merging Across Hierarchies                                ; Auto               ; Auto               ;
; Resource Aware Inference For Block RAM                                     ; On                 ; On                 ;
; Synthesis Seed                                                             ; 1                  ; 1                  ;
+----------------------------------------------------------------------------+--------------------+--------------------+


Parallel compilation was disabled, but you have multiple processors available. Enable parallel compilation to reduce compilation time.
+-------------------------------------+
; Parallel Compilation                ;
+----------------------------+--------+
; Processors                 ; Number ;
+----------------------------+--------+
; Number detected on machine ; 8      ;
; Maximum allowed            ; 1      ;
+----------------------------+--------+


+---------------------------------------------------------------------------------------------------------------------------------------------------------------------------+
; Analysis & Synthesis Source Files Read                                                                                                                                    ;
+----------------------------------+-----------------+----------------------------------+-------------------------------------------------------------------------+---------+
; File Name with User-Entered Path ; Used in Netlist ; File Type                        ; File Name with Absolute Path                                            ; Library ;
+----------------------------------+-----------------+----------------------------------+-------------------------------------------------------------------------+---------+
; nbitmux.vhd                      ; yes             ; User VHDL File                   ; C:/Users/Iago/Desktop/Atividade 05/nbitmux.vhd                          ;         ;
; clockdiv.vhd                     ; yes             ; User VHDL File                   ; C:/Users/Iago/Desktop/Atividade 05/clockdiv.vhd                         ;         ;
; main_vmachine.vhd                ; yes             ; User VHDL File                   ; C:/Users/Iago/Desktop/Atividade 05/main_vmachine.vhd                    ;         ;
; vendingprocessor.vhd             ; yes             ; User VHDL File                   ; C:/Users/Iago/Desktop/Atividade 05/vendingprocessor.vhd                 ;         ;
; nbitregister.vhd                 ; yes             ; User VHDL File                   ; C:/Users/Iago/Desktop/Atividade 05/nbitregister.vhd                     ;         ;
; nbitcounter.vhd                  ; yes             ; User VHDL File                   ; C:/Users/Iago/Desktop/Atividade 05/nbitcounter.vhd                      ;         ;
; nbitcompmag.vhd                  ; yes             ; User VHDL File                   ; C:/Users/Iago/Desktop/Atividade 05/nbitcompmag.vhd                      ;         ;
; nbitadder.vhd                    ; yes             ; User VHDL File                   ; C:/Users/Iago/Desktop/Atividade 05/nbitadder.vhd                        ;         ;
; botaosincrono.vhd                ; yes             ; User VHDL File                   ; C:/Users/Iago/Desktop/Atividade 05/botaosincrono.vhd                    ;         ;
; BinTo7Segment.vhd                ; yes             ; User VHDL File                   ; C:/Users/Iago/Desktop/Atividade 05/BinTo7Segment.vhd                    ;         ;
; BinDisplay.vhd                   ; yes             ; User VHDL File                   ; C:/Users/Iago/Desktop/Atividade 05/BinDisplay.vhd                       ;         ;
; binbcdbox.vhd                    ; yes             ; User VHDL File                   ; C:/Users/Iago/Desktop/Atividade 05/binbcdbox.vhd                        ;         ;
; BinBCD.vhd                       ; yes             ; User VHDL File                   ; C:/Users/Iago/Desktop/Atividade 05/BinBCD.vhd                           ;         ;
; ROM_coin.mif                     ; yes             ; User Memory Initialization File  ; C:/Users/Iago/Desktop/Atividade 05/ROM_coin.mif                         ;         ;
; ROM_coin.vhd                     ; yes             ; User Wizard-Generated File       ; C:/Users/Iago/Desktop/Atividade 05/ROM_coin.vhd                         ;         ;
; altsyncram.tdf                   ; yes             ; Megafunction                     ; c:/altera/13.0sp1/quartus/libraries/megafunctions/altsyncram.tdf        ;         ;
; stratix_ram_block.inc            ; yes             ; Megafunction                     ; c:/altera/13.0sp1/quartus/libraries/megafunctions/stratix_ram_block.inc ;         ;
; lpm_mux.inc                      ; yes             ; Megafunction                     ; c:/altera/13.0sp1/quartus/libraries/megafunctions/lpm_mux.inc           ;         ;
; lpm_decode.inc                   ; yes             ; Megafunction                     ; c:/altera/13.0sp1/quartus/libraries/megafunctions/lpm_decode.inc        ;         ;
; aglobal130.inc                   ; yes             ; Megafunction                     ; c:/altera/13.0sp1/quartus/libraries/megafunctions/aglobal130.inc        ;         ;
; a_rdenreg.inc                    ; yes             ; Megafunction                     ; c:/altera/13.0sp1/quartus/libraries/megafunctions/a_rdenreg.inc         ;         ;
; altrom.inc                       ; yes             ; Megafunction                     ; c:/altera/13.0sp1/quartus/libraries/megafunctions/altrom.inc            ;         ;
; altram.inc                       ; yes             ; Megafunction                     ; c:/altera/13.0sp1/quartus/libraries/megafunctions/altram.inc            ;         ;
; altdpram.inc                     ; yes             ; Megafunction                     ; c:/altera/13.0sp1/quartus/libraries/megafunctions/altdpram.inc          ;         ;
; db/altsyncram_5v71.tdf           ; yes             ; Auto-Generated Megafunction      ; C:/Users/Iago/Desktop/Atividade 05/db/altsyncram_5v71.tdf               ;         ;
+----------------------------------+-----------------+----------------------------------+-------------------------------------------------------------------------+---------+


+---------------------------------------------------------+
; Analysis & Synthesis Resource Usage Summary             ;
+---------------------------------------------+-----------+
; Resource                                    ; Usage     ;
+---------------------------------------------+-----------+
; Estimated Total logic elements              ; 211       ;
;                                             ;           ;
; Total combinational functions               ; 210       ;
; Logic element usage by number of LUT inputs ;           ;
;     -- 4 input functions                    ; 95        ;
;     -- 3 input functions                    ; 58        ;
;     -- <=2 input functions                  ; 57        ;
;                                             ;           ;
; Logic elements by mode                      ;           ;
;     -- normal mode                          ; 169       ;
;     -- arithmetic mode                      ; 41        ;
;                                             ;           ;
; Total registers                             ; 66        ;
;     -- Dedicated logic registers            ; 66        ;
;     -- I/O registers                        ; 0         ;
;                                             ;           ;
; I/O pins                                    ; 57        ;
; Total memory bits                           ; 96        ;
; Embedded Multiplier 9-bit elements          ; 0         ;
; Maximum fan-out node                        ; clock_27M ;
; Maximum fan-out                             ; 45        ;
; Total fan-out                               ; 892       ;
; Average fan-out                             ; 2.63      ;
+---------------------------------------------+-----------+


+-----------------------------------------------------------------------------------------------------------------------------------------------------------------------------------------------------------------------------------------------------------------------+
; Analysis & Synthesis Resource Utilization by Entity                                                                                                                                                                                                                   ;
+-------------------------------------------+-------------------+--------------+-------------+--------------+---------+-----------+------+--------------+------------------------------------------------------------------------------------------------+--------------+
; Compilation Hierarchy Node                ; LC Combinationals ; LC Registers ; Memory Bits ; DSP Elements ; DSP 9x9 ; DSP 18x18 ; Pins ; Virtual Pins ; Full Hierarchy Name                                                                            ; Library Name ;
+-------------------------------------------+-------------------+--------------+-------------+--------------+---------+-----------+------+--------------+------------------------------------------------------------------------------------------------+--------------+
; |main_vmachine                            ; 210 (0)           ; 66 (0)       ; 96          ; 0            ; 0       ; 0         ; 57   ; 0            ; |main_vmachine                                                                                 ; work         ;
;    |BinDisplay:Disp_ROM|                  ; 33 (0)            ; 0 (0)        ; 0           ; 0            ; 0       ; 0         ; 0    ; 0            ; |main_vmachine|BinDisplay:Disp_ROM                                                             ; work         ;
;       |BinBCD:BBCD|                       ; 17 (0)            ; 0 (0)        ; 0           ; 0            ; 0       ; 0         ; 0    ; 0            ; |main_vmachine|BinDisplay:Disp_ROM|BinBCD:BBCD                                                 ; work         ;
;          |binbcdbox:Box08|                ; 4 (4)             ; 0 (0)        ; 0           ; 0            ; 0       ; 0         ; 0    ; 0            ; |main_vmachine|BinDisplay:Disp_ROM|BinBCD:BBCD|binbcdbox:Box08                                 ; work         ;
;          |binbcdbox:Box11|                ; 13 (13)           ; 0 (0)        ; 0           ; 0            ; 0       ; 0         ; 0    ; 0            ; |main_vmachine|BinDisplay:Disp_ROM|BinBCD:BBCD|binbcdbox:Box11                                 ; work         ;
;       |BinTo7Segment:Hex00|               ; 7 (7)             ; 0 (0)        ; 0           ; 0            ; 0       ; 0         ; 0    ; 0            ; |main_vmachine|BinDisplay:Disp_ROM|BinTo7Segment:Hex00                                         ; work         ;
;       |BinTo7Segment:Hex01|               ; 9 (9)             ; 0 (0)        ; 0           ; 0            ; 0       ; 0         ; 0    ; 0            ; |main_vmachine|BinDisplay:Disp_ROM|BinTo7Segment:Hex01                                         ; work         ;
;    |BinDisplay:Disp_Tot|                  ; 52 (0)            ; 0 (0)        ; 0           ; 0            ; 0       ; 0         ; 0    ; 0            ; |main_vmachine|BinDisplay:Disp_Tot                                                             ; work         ;
;       |BinBCD:BBCD|                       ; 35 (0)            ; 0 (0)        ; 0           ; 0            ; 0       ; 0         ; 0    ; 0            ; |main_vmachine|BinDisplay:Disp_Tot|BinBCD:BBCD                                                 ; work         ;
;          |binbcdbox:Box05|                ; 4 (4)             ; 0 (0)        ; 0           ; 0            ; 0       ; 0         ; 0    ; 0            ; |main_vmachine|BinDisplay:Disp_Tot|BinBCD:BBCD|binbcdbox:Box05                                 ; work         ;
;          |binbcdbox:Box08|                ; 13 (13)           ; 0 (0)        ; 0           ; 0            ; 0       ; 0         ; 0    ; 0            ; |main_vmachine|BinDisplay:Disp_Tot|BinBCD:BBCD|binbcdbox:Box08                                 ; work         ;
;          |binbcdbox:Box10|                ; 1 (1)             ; 0 (0)        ; 0           ; 0            ; 0       ; 0         ; 0    ; 0            ; |main_vmachine|BinDisplay:Disp_Tot|BinBCD:BBCD|binbcdbox:Box10                                 ; work         ;
;          |binbcdbox:Box11|                ; 13 (13)           ; 0 (0)        ; 0           ; 0            ; 0       ; 0         ; 0    ; 0            ; |main_vmachine|BinDisplay:Disp_Tot|BinBCD:BBCD|binbcdbox:Box11                                 ; work         ;
;          |binbcdbox:Box14|                ; 4 (4)             ; 0 (0)        ; 0           ; 0            ; 0       ; 0         ; 0    ; 0            ; |main_vmachine|BinDisplay:Disp_Tot|BinBCD:BBCD|binbcdbox:Box14                                 ; work         ;
;       |BinTo7Segment:Hex00|               ; 7 (7)             ; 0 (0)        ; 0           ; 0            ; 0       ; 0         ; 0    ; 0            ; |main_vmachine|BinDisplay:Disp_Tot|BinTo7Segment:Hex00                                         ; work         ;
;       |BinTo7Segment:Hex01|               ; 7 (7)             ; 0 (0)        ; 0           ; 0            ; 0       ; 0         ; 0    ; 0            ; |main_vmachine|BinDisplay:Disp_Tot|BinTo7Segment:Hex01                                         ; work         ;
;       |BinTo7Segment:Hex02|               ; 3 (3)             ; 0 (0)        ; 0           ; 0            ; 0       ; 0         ; 0    ; 0            ; |main_vmachine|BinDisplay:Disp_Tot|BinTo7Segment:Hex02                                         ; work         ;
;    |BinTo7Segment:DispState|              ; 3 (3)             ; 0 (0)        ; 0           ; 0            ; 0       ; 0         ; 0    ; 0            ; |main_vmachine|BinTo7Segment:DispState                                                         ; work         ;
;    |ROM_coin:coinrom|                     ; 0 (0)             ; 0 (0)        ; 96          ; 0            ; 0       ; 0         ; 0    ; 0            ; |main_vmachine|ROM_coin:coinrom                                                                ; work         ;
;       |altsyncram:altsyncram_component|   ; 0 (0)             ; 0 (0)        ; 96          ; 0            ; 0       ; 0         ; 0    ; 0            ; |main_vmachine|ROM_coin:coinrom|altsyncram:altsyncram_component                                ; work         ;
;          |altsyncram_5v71:auto_generated| ; 0 (0)             ; 0 (0)        ; 96          ; 0            ; 0       ; 0         ; 0    ; 0            ; |main_vmachine|ROM_coin:coinrom|altsyncram:altsyncram_component|altsyncram_5v71:auto_generated ; work         ;
;    |botaosincrono:sinc|                   ; 2 (2)             ; 2 (2)        ; 0           ; 0            ; 0       ; 0         ; 0    ; 0            ; |main_vmachine|botaosincrono:sinc                                                              ; work         ;
;    |clock_generator:CLK_1|                ; 40 (40)           ; 23 (23)      ; 0           ; 0            ; 0       ; 0         ; 0    ; 0            ; |main_vmachine|clock_generator:CLK_1                                                           ; work         ;
;    |clock_generator:CLK_2|                ; 38 (38)           ; 22 (22)      ; 0           ; 0            ; 0       ; 0         ; 0    ; 0            ; |main_vmachine|clock_generator:CLK_2                                                           ; work         ;
;    |maquina_processador:mchn|             ; 29 (5)            ; 15 (5)       ; 0           ; 0            ; 0       ; 0         ; 0    ; 0            ; |main_vmachine|maquina_processador:mchn                                                        ; work         ;
;       |adder:sum|                         ; 12 (12)           ; 0 (0)        ; 0           ; 0            ; 0       ; 0         ; 0    ; 0            ; |main_vmachine|maquina_processador:mchn|adder:sum                                              ; work         ;
;       |botaosincrono:BS00|                ; 2 (2)             ; 2 (2)        ; 0           ; 0            ; 0       ; 0         ; 0    ; 0            ; |main_vmachine|maquina_processador:mchn|botaosincrono:BS00                                     ; work         ;
;       |nbitcompmag:comp|                  ; 7 (7)             ; 0 (0)        ; 0           ; 0            ; 0       ; 0         ; 0    ; 0            ; |main_vmachine|maquina_processador:mchn|nbitcompmag:comp                                       ; work         ;
;       |nbitreg:regtot|                    ; 3 (3)             ; 8 (8)        ; 0           ; 0            ; 0       ; 0         ; 0    ; 0            ; |main_vmachine|maquina_processador:mchn|nbitreg:regtot                                         ; work         ;
;    |nbitcounter:adrs|                     ; 5 (5)             ; 4 (4)        ; 0           ; 0            ; 0       ; 0         ; 0    ; 0            ; |main_vmachine|nbitcounter:adrs                                                                ; work         ;
;    |nbitmux:mx|                           ; 8 (8)             ; 0 (0)        ; 0           ; 0            ; 0       ; 0         ; 0    ; 0            ; |main_vmachine|nbitmux:mx                                                                      ; work         ;
+-------------------------------------------+-------------------+--------------+-------------+--------------+---------+-----------+------+--------------+------------------------------------------------------------------------------------------------+--------------+
Note: For table entries with two numbers listed, the numbers in parentheses indicate the number of resources of the given type used by the specific entity alone. The numbers listed outside of parentheses indicate the total resources of the given type used by the specific entity and all of its sub-entities in the hierarchy.


+--------------------------------------------------------------------------------------------------------------------------------------------------------------------------------------------+
; Analysis & Synthesis RAM Summary                                                                                                                                                           ;
+--------------------------------------------------------------------------------------------+------+------+--------------+--------------+--------------+--------------+------+--------------+
; Name                                                                                       ; Type ; Mode ; Port A Depth ; Port A Width ; Port B Depth ; Port B Width ; Size ; MIF          ;
+--------------------------------------------------------------------------------------------+------+------+--------------+--------------+--------------+--------------+------+--------------+
; ROM_coin:coinrom|altsyncram:altsyncram_component|altsyncram_5v71:auto_generated|ALTSYNCRAM ; AUTO ; ROM  ; 16           ; 6            ; --           ; --           ; 96   ; ROM_coin.mif ;
+--------------------------------------------------------------------------------------------+------+------+--------------+--------------+--------------+--------------+------+--------------+


+---------------------------------------------------------------------------------------------------------------------------------------------------+
; Analysis & Synthesis IP Cores Summary                                                                                                             ;
+--------+--------------+---------+--------------+--------------+---------------------------------+-------------------------------------------------+
; Vendor ; IP Core Name ; Version ; Release Date ; License Type ; Entity Instance                 ; IP Include File                                 ;
+--------+--------------+---------+--------------+--------------+---------------------------------+-------------------------------------------------+
; Altera ; ROM: 1-PORT  ; 13.0    ; N/A          ; N/A          ; |main_vmachine|ROM_coin:coinrom ; C:/Users/Iago/Desktop/Atividade 05/ROM_coin.vhd ;
+--------+--------------+---------+--------------+--------------+---------------------------------+-------------------------------------------------+


Encoding Type:  One-Hot
+------------------------------------------------------------------------------------------------+
; State Machine - |main_vmachine|maquina_processador:mchn|state                                  ;
+------------------+--------------+---------------+------------------+--------------+------------+
; Name             ; state.libere ; state.compare ; state.incremente ; state.espere ; state.zero ;
+------------------+--------------+---------------+------------------+--------------+------------+
; state.zero       ; 0            ; 0             ; 0                ; 0            ; 0          ;
; state.espere     ; 0            ; 0             ; 0                ; 1            ; 1          ;
; state.incremente ; 0            ; 0             ; 1                ; 0            ; 1          ;
; state.compare    ; 0            ; 1             ; 0                ; 0            ; 1          ;
; state.libere     ; 1            ; 0             ; 0                ; 0            ; 1          ;
+------------------+--------------+---------------+------------------+--------------+------------+


Encoding Type:  One-Hot
+-----------------------------------------------------------------------------------+
; State Machine - |main_vmachine|maquina_processador:mchn|botaosincrono:BS00|estado ;
+---------------+---------------+---------------+-----------------------------------+
; Name          ; estado.caso_c ; estado.caso_b ; estado.caso_a                     ;
+---------------+---------------+---------------+-----------------------------------+
; estado.caso_a ; 0             ; 0             ; 0                                 ;
; estado.caso_b ; 0             ; 1             ; 1                                 ;
; estado.caso_c ; 1             ; 0             ; 1                                 ;
+---------------+---------------+---------------+-----------------------------------+


Encoding Type:  One-Hot
+---------------------------------------------------------------+
; State Machine - |main_vmachine|botaosincrono:sinc|estado      ;
+---------------+---------------+---------------+---------------+
; Name          ; estado.caso_c ; estado.caso_b ; estado.caso_a ;
+---------------+---------------+---------------+---------------+
; estado.caso_a ; 0             ; 0             ; 0             ;
; estado.caso_b ; 0             ; 1             ; 1             ;
; estado.caso_c ; 1             ; 0             ; 1             ;
+---------------+---------------+---------------+---------------+


+--------------------------------------------------------------------------------+
; Registers Removed During Synthesis                                             ;
+-----------------------------------------------------------+--------------------+
; Register name                                             ; Reason for Removal ;
+-----------------------------------------------------------+--------------------+
; maquina_processador:mchn|botaosincrono:BS00|estado.caso_c ; Lost fanout        ;
; botaosincrono:sinc|estado.caso_c                          ; Lost fanout        ;
; Total Number of Removed Registers = 2                     ;                    ;
+-----------------------------------------------------------+--------------------+


+------------------------------------------------------+
; General Register Statistics                          ;
+----------------------------------------------+-------+
; Statistic                                    ; Value ;
+----------------------------------------------+-------+
; Total registers                              ; 66    ;
; Number of registers using Synchronous Clear  ; 0     ;
; Number of registers using Synchronous Load   ; 0     ;
; Number of registers using Asynchronous Clear ; 21    ;
; Number of registers using Asynchronous Load  ; 0     ;
; Number of registers using Clock Enable       ; 5     ;
; Number of registers using Preset             ; 0     ;
+----------------------------------------------+-------+


+--------------------------------------------------------------------------------------------------------+
; Source assignments for ROM_coin:coinrom|altsyncram:altsyncram_component|altsyncram_5v71:auto_generated ;
+---------------------------------+--------------------+------+------------------------------------------+
; Assignment                      ; Value              ; From ; To                                       ;
+---------------------------------+--------------------+------+------------------------------------------+
; OPTIMIZE_POWER_DURING_SYNTHESIS ; NORMAL_COMPILATION ; -    ; -                                        ;
+---------------------------------+--------------------+------+------------------------------------------+


+--------------------------------------------------------------------+
; Parameter Settings for User Entity Instance: clock_generator:CLK_1 ;
+-----------------+----------+---------------------------------------+
; Parameter Name  ; Value    ; Type                                  ;
+-----------------+----------+---------------------------------------+
; clock_in_speed  ; 27000000 ; Signed Integer                        ;
; clock_out_speed ; 10       ; Signed Integer                        ;
+-----------------+----------+---------------------------------------+
Note: In order to hide this table in the UI and the text report file, please set the "Show Parameter Settings in Synthesis Report" option in "Analysis and Synthesis Settings -> More Settings" to "Off".


+--------------------------------------------------------------------+
; Parameter Settings for User Entity Instance: clock_generator:CLK_2 ;
+-----------------+----------+---------------------------------------+
; Parameter Name  ; Value    ; Type                                  ;
+-----------------+----------+---------------------------------------+
; clock_in_speed  ; 27000000 ; Signed Integer                        ;
; clock_out_speed ; 20       ; Signed Integer                        ;
+-----------------+----------+---------------------------------------+
Note: In order to hide this table in the UI and the text report file, please set the "Show Parameter Settings in Synthesis Report" option in "Analysis and Synthesis Settings -> More Settings" to "Off".


+---------------------------------------------------------------------------------+
; Parameter Settings for User Entity Instance: maquina_processador:mchn|adder:sum ;
+----------------+-------+--------------------------------------------------------+
; Parameter Name ; Value ; Type                                                   ;
+----------------+-------+--------------------------------------------------------+
; n              ; 8     ; Signed Integer                                         ;
+----------------+-------+--------------------------------------------------------+
Note: In order to hide this table in the UI and the text report file, please set the "Show Parameter Settings in Synthesis Report" option in "Analysis and Synthesis Settings -> More Settings" to "Off".


+--------------------------------------------------------------------------------------+
; Parameter Settings for User Entity Instance: maquina_processador:mchn|nbitreg:regtot ;
+----------------+-------+-------------------------------------------------------------+
; Parameter Name ; Value ; Type                                                        ;
+----------------+-------+-------------------------------------------------------------+
; n              ; 8     ; Signed Integer                                              ;
+----------------+-------+-------------------------------------------------------------+
Note: In order to hide this table in the UI and the text report file, please set the "Show Parameter Settings in Synthesis Report" option in "Analysis and Synthesis Settings -> More Settings" to "Off".


+----------------------------------------------------------------------------------------+
; Parameter Settings for User Entity Instance: maquina_processador:mchn|nbitcompmag:comp ;
+----------------+-------+---------------------------------------------------------------+
; Parameter Name ; Value ; Type                                                          ;
+----------------+-------+---------------------------------------------------------------+
; n              ; 8     ; Signed Integer                                                ;
+----------------+-------+---------------------------------------------------------------+
Note: In order to hide this table in the UI and the text report file, please set the "Show Parameter Settings in Synthesis Report" option in "Analysis and Synthesis Settings -> More Settings" to "Off".


+---------------------------------------------------------------+
; Parameter Settings for User Entity Instance: nbitcounter:adrs ;
+----------------+-------+--------------------------------------+
; Parameter Name ; Value ; Type                                 ;
+----------------+-------+--------------------------------------+
; n              ; 4     ; Signed Integer                       ;
+----------------+-------+--------------------------------------+
Note: In order to hide this table in the UI and the text report file, please set the "Show Parameter Settings in Synthesis Report" option in "Analysis and Synthesis Settings -> More Settings" to "Off".


+-----------------------------------------------------------------------------------------------+
; Parameter Settings for User Entity Instance: ROM_coin:coinrom|altsyncram:altsyncram_component ;
+------------------------------------+----------------------+-----------------------------------+
; Parameter Name                     ; Value                ; Type                              ;
+------------------------------------+----------------------+-----------------------------------+
; BYTE_SIZE_BLOCK                    ; 8                    ; Untyped                           ;
; AUTO_CARRY_CHAINS                  ; ON                   ; AUTO_CARRY                        ;
; IGNORE_CARRY_BUFFERS               ; OFF                  ; IGNORE_CARRY                      ;
; AUTO_CASCADE_CHAINS                ; ON                   ; AUTO_CASCADE                      ;
; IGNORE_CASCADE_BUFFERS             ; OFF                  ; IGNORE_CASCADE                    ;
; WIDTH_BYTEENA                      ; 1                    ; Untyped                           ;
; OPERATION_MODE                     ; ROM                  ; Untyped                           ;
; WIDTH_A                            ; 6                    ; Signed Integer                    ;
; WIDTHAD_A                          ; 4                    ; Signed Integer                    ;
; NUMWORDS_A                         ; 16                   ; Signed Integer                    ;
; OUTDATA_REG_A                      ; UNREGISTERED         ; Untyped                           ;
; ADDRESS_ACLR_A                     ; NONE                 ; Untyped                           ;
; OUTDATA_ACLR_A                     ; NONE                 ; Untyped                           ;
; WRCONTROL_ACLR_A                   ; NONE                 ; Untyped                           ;
; INDATA_ACLR_A                      ; NONE                 ; Untyped                           ;
; BYTEENA_ACLR_A                     ; NONE                 ; Untyped                           ;
; WIDTH_B                            ; 1                    ; Untyped                           ;
; WIDTHAD_B                          ; 1                    ; Untyped                           ;
; NUMWORDS_B                         ; 1                    ; Untyped                           ;
; INDATA_REG_B                       ; CLOCK1               ; Untyped                           ;
; WRCONTROL_WRADDRESS_REG_B          ; CLOCK1               ; Untyped                           ;
; RDCONTROL_REG_B                    ; CLOCK1               ; Untyped                           ;
; ADDRESS_REG_B                      ; CLOCK1               ; Untyped                           ;
; OUTDATA_REG_B                      ; UNREGISTERED         ; Untyped                           ;
; BYTEENA_REG_B                      ; CLOCK1               ; Untyped                           ;
; INDATA_ACLR_B                      ; NONE                 ; Untyped                           ;
; WRCONTROL_ACLR_B                   ; NONE                 ; Untyped                           ;
; ADDRESS_ACLR_B                     ; NONE                 ; Untyped                           ;
; OUTDATA_ACLR_B                     ; NONE                 ; Untyped                           ;
; RDCONTROL_ACLR_B                   ; NONE                 ; Untyped                           ;
; BYTEENA_ACLR_B                     ; NONE                 ; Untyped                           ;
; WIDTH_BYTEENA_A                    ; 1                    ; Signed Integer                    ;
; WIDTH_BYTEENA_B                    ; 1                    ; Untyped                           ;
; RAM_BLOCK_TYPE                     ; AUTO                 ; Untyped                           ;
; BYTE_SIZE                          ; 8                    ; Untyped                           ;
; READ_DURING_WRITE_MODE_MIXED_PORTS ; DONT_CARE            ; Untyped                           ;
; READ_DURING_WRITE_MODE_PORT_A      ; NEW_DATA_NO_NBE_READ ; Untyped                           ;
; READ_DURING_WRITE_MODE_PORT_B      ; NEW_DATA_NO_NBE_READ ; Untyped                           ;
; INIT_FILE                          ; ROM_coin.mif         ; Untyped                           ;
; INIT_FILE_LAYOUT                   ; PORT_A               ; Untyped                           ;
; MAXIMUM_DEPTH                      ; 0                    ; Untyped                           ;
; CLOCK_ENABLE_INPUT_A               ; BYPASS               ; Untyped                           ;
; CLOCK_ENABLE_INPUT_B               ; NORMAL               ; Untyped                           ;
; CLOCK_ENABLE_OUTPUT_A              ; BYPASS               ; Untyped                           ;
; CLOCK_ENABLE_OUTPUT_B              ; NORMAL               ; Untyped                           ;
; CLOCK_ENABLE_CORE_A                ; USE_INPUT_CLKEN      ; Untyped                           ;
; CLOCK_ENABLE_CORE_B                ; USE_INPUT_CLKEN      ; Untyped                           ;
; ENABLE_ECC                         ; FALSE                ; Untyped                           ;
; ECC_PIPELINE_STAGE_ENABLED         ; FALSE                ; Untyped                           ;
; WIDTH_ECCSTATUS                    ; 3                    ; Untyped                           ;
; DEVICE_FAMILY                      ; Cyclone II           ; Untyped                           ;
; CBXI_PARAMETER                     ; altsyncram_5v71      ; Untyped                           ;
+------------------------------------+----------------------+-----------------------------------+
Note: In order to hide this table in the UI and the text report file, please set the "Show Parameter Settings in Synthesis Report" option in "Analysis and Synthesis Settings -> More Settings" to "Off".


+---------------------------------------------------------+
; Parameter Settings for User Entity Instance: nbitmux:mx ;
+----------------+-------+--------------------------------+
; Parameter Name ; Value ; Type                           ;
+----------------+-------+--------------------------------+
; n              ; 8     ; Signed Integer                 ;
+----------------+-------+--------------------------------+
Note: In order to hide this table in the UI and the text report file, please set the "Show Parameter Settings in Synthesis Report" option in "Analysis and Synthesis Settings -> More Settings" to "Off".


+----------------------------------------------------------------------------------------------+
; altsyncram Parameter Settings by Entity Instance                                             ;
+-------------------------------------------+--------------------------------------------------+
; Name                                      ; Value                                            ;
+-------------------------------------------+--------------------------------------------------+
; Number of entity instances                ; 1                                                ;
; Entity Instance                           ; ROM_coin:coinrom|altsyncram:altsyncram_component ;
;     -- OPERATION_MODE                     ; ROM                                              ;
;     -- WIDTH_A                            ; 6                                                ;
;     -- NUMWORDS_A                         ; 16                                               ;
;     -- OUTDATA_REG_A                      ; UNREGISTERED                                     ;
;     -- WIDTH_B                            ; 1                                                ;
;     -- NUMWORDS_B                         ; 1                                                ;
;     -- ADDRESS_REG_B                      ; CLOCK1                                           ;
;     -- OUTDATA_REG_B                      ; UNREGISTERED                                     ;
;     -- RAM_BLOCK_TYPE                     ; AUTO                                             ;
;     -- READ_DURING_WRITE_MODE_MIXED_PORTS ; DONT_CARE                                        ;
+-------------------------------------------+--------------------------------------------------+


+----------------------------------------------------------------------------------------------------------------------+
; Port Connectivity Checks: "BinDisplay:Disp_ROM"                                                                      ;
+------------+--------+----------+-------------------------------------------------------------------------------------+
; Port       ; Type   ; Severity ; Details                                                                             ;
+------------+--------+----------+-------------------------------------------------------------------------------------+
; bin[15..6] ; Input  ; Info     ; Stuck at GND                                                                        ;
; hex72      ; Output ; Info     ; Connected to dangling logic. Logic that only feeds a dangling port will be removed. ;
; hex73      ; Output ; Info     ; Connected to dangling logic. Logic that only feeds a dangling port will be removed. ;
; hex74      ; Output ; Info     ; Connected to dangling logic. Logic that only feeds a dangling port will be removed. ;
+------------+--------+----------+-------------------------------------------------------------------------------------+


+----------------------------------------------------------------------------------------------------------------------+
; Port Connectivity Checks: "BinDisplay:Disp_Tot|BinBCD:BBCD|binbcdbox:Box15"                                          ;
+------------+--------+----------+-------------------------------------------------------------------------------------+
; Port       ; Type   ; Severity ; Details                                                                             ;
+------------+--------+----------+-------------------------------------------------------------------------------------+
; binb_in[4] ; Input  ; Info     ; Stuck at GND                                                                        ;
; y[7..4]    ; Output ; Info     ; Connected to dangling logic. Logic that only feeds a dangling port will be removed. ;
+------------+--------+----------+-------------------------------------------------------------------------------------+


+----------------------------------------------------------------------------------------------------------------------+
; Port Connectivity Checks: "BinDisplay:Disp_Tot|BinBCD:BBCD|binbcdbox:Box14"                                          ;
+------------+--------+----------+-------------------------------------------------------------------------------------+
; Port       ; Type   ; Severity ; Details                                                                             ;
+------------+--------+----------+-------------------------------------------------------------------------------------+
; binb_in[4] ; Input  ; Info     ; Stuck at GND                                                                        ;
; y[7..4]    ; Output ; Info     ; Connected to dangling logic. Logic that only feeds a dangling port will be removed. ;
+------------+--------+----------+-------------------------------------------------------------------------------------+


+-------------------------------------------------------------------------------------------------------------------+
; Port Connectivity Checks: "BinDisplay:Disp_Tot|BinBCD:BBCD|binbcdbox:Box13"                                       ;
+---------+--------+----------+-------------------------------------------------------------------------------------+
; Port    ; Type   ; Severity ; Details                                                                             ;
+---------+--------+----------+-------------------------------------------------------------------------------------+
; y[7..5] ; Output ; Info     ; Connected to dangling logic. Logic that only feeds a dangling port will be removed. ;
+---------+--------+----------+-------------------------------------------------------------------------------------+


+-------------------------------------------------------------------------------------------------------------------+
; Port Connectivity Checks: "BinDisplay:Disp_Tot|BinBCD:BBCD|binbcdbox:Box12"                                       ;
+---------+--------+----------+-------------------------------------------------------------------------------------+
; Port    ; Type   ; Severity ; Details                                                                             ;
+---------+--------+----------+-------------------------------------------------------------------------------------+
; y[7..6] ; Output ; Info     ; Connected to dangling logic. Logic that only feeds a dangling port will be removed. ;
+---------+--------+----------+-------------------------------------------------------------------------------------+


+-------------------------------------------------------------------------------------------------------------------+
; Port Connectivity Checks: "BinDisplay:Disp_Tot|BinBCD:BBCD|binbcdbox:Box11"                                       ;
+---------+--------+----------+-------------------------------------------------------------------------------------+
; Port    ; Type   ; Severity ; Details                                                                             ;
+---------+--------+----------+-------------------------------------------------------------------------------------+
; y[7..5] ; Output ; Info     ; Connected to dangling logic. Logic that only feeds a dangling port will be removed. ;
+---------+--------+----------+-------------------------------------------------------------------------------------+


+-------------------------------------------------------------------------------------------------------------------+
; Port Connectivity Checks: "BinDisplay:Disp_Tot|BinBCD:BBCD|binbcdbox:Box10"                                       ;
+---------+--------+----------+-------------------------------------------------------------------------------------+
; Port    ; Type   ; Severity ; Details                                                                             ;
+---------+--------+----------+-------------------------------------------------------------------------------------+
; y[7..5] ; Output ; Info     ; Connected to dangling logic. Logic that only feeds a dangling port will be removed. ;
+---------+--------+----------+-------------------------------------------------------------------------------------+


+-------------------------------------------------------------------------------------------------------------------+
; Port Connectivity Checks: "BinDisplay:Disp_Tot|BinBCD:BBCD|binbcdbox:Box09"                                       ;
+---------+--------+----------+-------------------------------------------------------------------------------------+
; Port    ; Type   ; Severity ; Details                                                                             ;
+---------+--------+----------+-------------------------------------------------------------------------------------+
; y[7..5] ; Output ; Info     ; Connected to dangling logic. Logic that only feeds a dangling port will be removed. ;
+---------+--------+----------+-------------------------------------------------------------------------------------+


+-------------------------------------------------------------------------------------------------------------------+
; Port Connectivity Checks: "BinDisplay:Disp_Tot|BinBCD:BBCD|binbcdbox:Box08"                                       ;
+---------+--------+----------+-------------------------------------------------------------------------------------+
; Port    ; Type   ; Severity ; Details                                                                             ;
+---------+--------+----------+-------------------------------------------------------------------------------------+
; y[7..5] ; Output ; Info     ; Connected to dangling logic. Logic that only feeds a dangling port will be removed. ;
+---------+--------+----------+-------------------------------------------------------------------------------------+


+-------------------------------------------------------------------------------------------------------------------+
; Port Connectivity Checks: "BinDisplay:Disp_Tot|BinBCD:BBCD|binbcdbox:Box07"                                       ;
+---------+--------+----------+-------------------------------------------------------------------------------------+
; Port    ; Type   ; Severity ; Details                                                                             ;
+---------+--------+----------+-------------------------------------------------------------------------------------+
; y[7..5] ; Output ; Info     ; Connected to dangling logic. Logic that only feeds a dangling port will be removed. ;
+---------+--------+----------+-------------------------------------------------------------------------------------+


+-------------------------------------------------------------------------------------------------------------------+
; Port Connectivity Checks: "BinDisplay:Disp_Tot|BinBCD:BBCD|binbcdbox:Box06"                                       ;
+---------+--------+----------+-------------------------------------------------------------------------------------+
; Port    ; Type   ; Severity ; Details                                                                             ;
+---------+--------+----------+-------------------------------------------------------------------------------------+
; y[7..6] ; Output ; Info     ; Connected to dangling logic. Logic that only feeds a dangling port will be removed. ;
+---------+--------+----------+-------------------------------------------------------------------------------------+


+-------------------------------------------------------------------------------------------------------------------+
; Port Connectivity Checks: "BinDisplay:Disp_Tot|BinBCD:BBCD|binbcdbox:Box05"                                       ;
+---------+--------+----------+-------------------------------------------------------------------------------------+
; Port    ; Type   ; Severity ; Details                                                                             ;
+---------+--------+----------+-------------------------------------------------------------------------------------+
; y[7..5] ; Output ; Info     ; Connected to dangling logic. Logic that only feeds a dangling port will be removed. ;
+---------+--------+----------+-------------------------------------------------------------------------------------+


+-------------------------------------------------------------------------------------------------------------------+
; Port Connectivity Checks: "BinDisplay:Disp_Tot|BinBCD:BBCD|binbcdbox:Box04"                                       ;
+---------+--------+----------+-------------------------------------------------------------------------------------+
; Port    ; Type   ; Severity ; Details                                                                             ;
+---------+--------+----------+-------------------------------------------------------------------------------------+
; y[7..5] ; Output ; Info     ; Connected to dangling logic. Logic that only feeds a dangling port will be removed. ;
+---------+--------+----------+-------------------------------------------------------------------------------------+


+-------------------------------------------------------------------------------------------------------------------+
; Port Connectivity Checks: "BinDisplay:Disp_Tot|BinBCD:BBCD|binbcdbox:Box03"                                       ;
+---------+--------+----------+-------------------------------------------------------------------------------------+
; Port    ; Type   ; Severity ; Details                                                                             ;
+---------+--------+----------+-------------------------------------------------------------------------------------+
; y[7..5] ; Output ; Info     ; Connected to dangling logic. Logic that only feeds a dangling port will be removed. ;
+---------+--------+----------+-------------------------------------------------------------------------------------+


+-------------------------------------------------------------------------------------------------------------------+
; Port Connectivity Checks: "BinDisplay:Disp_Tot|BinBCD:BBCD|binbcdbox:Box02"                                       ;
+---------+--------+----------+-------------------------------------------------------------------------------------+
; Port    ; Type   ; Severity ; Details                                                                             ;
+---------+--------+----------+-------------------------------------------------------------------------------------+
; y[7..6] ; Output ; Info     ; Connected to dangling logic. Logic that only feeds a dangling port will be removed. ;
+---------+--------+----------+-------------------------------------------------------------------------------------+


+-------------------------------------------------------------------------------------------------------------------+
; Port Connectivity Checks: "BinDisplay:Disp_Tot|BinBCD:BBCD|binbcdbox:Box01"                                       ;
+---------+--------+----------+-------------------------------------------------------------------------------------+
; Port    ; Type   ; Severity ; Details                                                                             ;
+---------+--------+----------+-------------------------------------------------------------------------------------+
; y[7..5] ; Output ; Info     ; Connected to dangling logic. Logic that only feeds a dangling port will be removed. ;
+---------+--------+----------+-------------------------------------------------------------------------------------+


+-------------------------------------------------------------------------------------------------------------------+
; Port Connectivity Checks: "BinDisplay:Disp_Tot|BinBCD:BBCD|binbcdbox:Box00"                                       ;
+---------+--------+----------+-------------------------------------------------------------------------------------+
; Port    ; Type   ; Severity ; Details                                                                             ;
+---------+--------+----------+-------------------------------------------------------------------------------------+
; y[7..6] ; Output ; Info     ; Connected to dangling logic. Logic that only feeds a dangling port will be removed. ;
+---------+--------+----------+-------------------------------------------------------------------------------------+


+----------------------------------------------------------------------------------------------------------------------+
; Port Connectivity Checks: "BinDisplay:Disp_Tot"                                                                      ;
+------------+--------+----------+-------------------------------------------------------------------------------------+
; Port       ; Type   ; Severity ; Details                                                                             ;
+------------+--------+----------+-------------------------------------------------------------------------------------+
; bin[15..8] ; Input  ; Info     ; Stuck at GND                                                                        ;
; hex73      ; Output ; Info     ; Connected to dangling logic. Logic that only feeds a dangling port will be removed. ;
; hex74      ; Output ; Info     ; Connected to dangling logic. Logic that only feeds a dangling port will be removed. ;
+------------+--------+----------+-------------------------------------------------------------------------------------+


+----------------------------------------------+
; Port Connectivity Checks: "nbitcounter:adrs" ;
+--------+-------+----------+------------------+
; Port   ; Type  ; Severity ; Details          ;
+--------+-------+----------+------------------+
; updown ; Input ; Info     ; Stuck at GND     ;
+--------+-------+----------+------------------+


+------------------------------------------------------------------------------------------------------------------+
; Port Connectivity Checks: "maquina_processador:mchn|nbitcompmag:comp"                                            ;
+--------+--------+----------+-------------------------------------------------------------------------------------+
; Port   ; Type   ; Severity ; Details                                                                             ;
+--------+--------+----------+-------------------------------------------------------------------------------------+
; out_gt ; Output ; Info     ; Connected to dangling logic. Logic that only feeds a dangling port will be removed. ;
; out_eq ; Output ; Info     ; Connected to dangling logic. Logic that only feeds a dangling port will be removed. ;
+--------+--------+----------+-------------------------------------------------------------------------------------+


+----------------------------------------------------------------------------------------------------------------------+
; Port Connectivity Checks: "maquina_processador:mchn|adder:sum"                                                       ;
+------------+--------+----------+-------------------------------------------------------------------------------------+
; Port       ; Type   ; Severity ; Details                                                                             ;
+------------+--------+----------+-------------------------------------------------------------------------------------+
; b_in[7..6] ; Input  ; Info     ; Stuck at GND                                                                        ;
; carry_in   ; Input  ; Info     ; Stuck at GND                                                                        ;
; carry_out  ; Output ; Info     ; Connected to dangling logic. Logic that only feeds a dangling port will be removed. ;
+------------+--------+----------+-------------------------------------------------------------------------------------+


+-------------------------------+
; Elapsed Time Per Partition    ;
+----------------+--------------+
; Partition Name ; Elapsed Time ;
+----------------+--------------+
; Top            ; 00:00:02     ;
+----------------+--------------+


+-------------------------------+
; Analysis & Synthesis Messages ;
+-------------------------------+
Info: *******************************************************************
Info: Running Quartus II 64-Bit Analysis & Synthesis
    Info: Version 13.0.1 Build 232 06/12/2013 Service Pack 1 SJ Web Edition
    Info: Processing started: Mon Aug 21 11:27:18 2017
Info: Command: quartus_map --read_settings_files=on --write_settings_files=off Ativ05 -c Ativ05
Warning (20028): Parallel compilation is not licensed and has been disabled
Info (12021): Found 2 design units, including 1 entities, in source file nbitmux.vhd
    Info (12022): Found design unit 1: nbitmux-circuit
    Info (12023): Found entity 1: nbitmux
Info (12021): Found 2 design units, including 1 entities, in source file clockdiv.vhd
    Info (12022): Found design unit 1: clock_generator-rtl
    Info (12023): Found entity 1: clock_generator
Info (12021): Found 2 design units, including 1 entities, in source file main_vmachine.vhd
    Info (12022): Found design unit 1: main_vmachine-arrangment
    Info (12023): Found entity 1: main_vmachine
Info (12021): Found 2 design units, including 1 entities, in source file vendingprocessor.vhd
    Info (12022): Found design unit 1: maquina_processador-behaviour
    Info (12023): Found entity 1: maquina_processador
Info (12021): Found 2 design units, including 1 entities, in source file romsim.vhd
    Info (12022): Found design unit 1: ROM-behaviour
    Info (12023): Found entity 1: ROM
Info (12021): Found 2 design units, including 1 entities, in source file nbitregister.vhd
    Info (12022): Found design unit 1: nbitreg-behaviour
    Info (12023): Found entity 1: nbitreg
Info (12021): Found 2 design units, including 1 entities, in source file nbitcounter.vhd
    Info (12022): Found design unit 1: nbitcounter-behv
    Info (12023): Found entity 1: nbitcounter
Info (12021): Found 2 design units, including 1 entities, in source file nbitcompmag.vhd
    Info (12022): Found design unit 1: nbitcompmag-circuit
    Info (12023): Found entity 1: nbitcompmag
Info (12021): Found 2 design units, including 1 entities, in source file nbitadder.vhd
    Info (12022): Found design unit 1: adder-behaviour
    Info (12023): Found entity 1: adder
Info (12021): Found 2 design units, including 1 entities, in source file botaosincrono.vhd
    Info (12022): Found design unit 1: botaosincrono-mde
    Info (12023): Found entity 1: botaosincrono
Info (12021): Found 2 design units, including 1 entities, in source file binto7segment.vhd
    Info (12022): Found design unit 1: BinTo7Segment-ckt
    Info (12023): Found entity 1: BinTo7Segment
Info (12021): Found 2 design units, including 1 entities, in source file bindisplay.vhd
    Info (12022): Found design unit 1: BinDisplay-arrange
    Info (12023): Found entity 1: BinDisplay
Info (12021): Found 2 design units, including 1 entities, in source file binbcdbox.vhd
    Info (12022): Found design unit 1: binbcdbox-ckt
    Info (12023): Found entity 1: binbcdbox
Info (12021): Found 2 design units, including 1 entities, in source file binbcd.vhd
    Info (12022): Found design unit 1: BinBCD-arrange
    Info (12023): Found entity 1: BinBCD
Info (12021): Found 2 design units, including 1 entities, in source file rom_coin.vhd
    Info (12022): Found design unit 1: rom_coin-SYN
    Info (12023): Found entity 1: ROM_coin
Info (12127): Elaborating entity "main_vmachine" for the top level hierarchy
Info (12128): Elaborating entity "clock_generator" for hierarchy "clock_generator:CLK_1"
Info (12128): Elaborating entity "clock_generator" for hierarchy "clock_generator:CLK_2"
Info (12128): Elaborating entity "botaosincrono" for hierarchy "botaosincrono:sinc"
Info (12128): Elaborating entity "maquina_processador" for hierarchy "maquina_processador:mchn"
Info (12128): Elaborating entity "adder" for hierarchy "maquina_processador:mchn|adder:sum"
Info (12128): Elaborating entity "nbitreg" for hierarchy "maquina_processador:mchn|nbitreg:regtot"
Info (12128): Elaborating entity "nbitcompmag" for hierarchy "maquina_processador:mchn|nbitcompmag:comp"
Info (12128): Elaborating entity "nbitcounter" for hierarchy "nbitcounter:adrs"
Info (12128): Elaborating entity "ROM_coin" for hierarchy "ROM_coin:coinrom"
Info (12128): Elaborating entity "altsyncram" for hierarchy "ROM_coin:coinrom|altsyncram:altsyncram_component"
Info (12130): Elaborated megafunction instantiation "ROM_coin:coinrom|altsyncram:altsyncram_component"
Info (12133): Instantiated megafunction "ROM_coin:coinrom|altsyncram:altsyncram_component" with the following parameter:
    Info (12134): Parameter "clock_enable_input_a" = "BYPASS"
    Info (12134): Parameter "clock_enable_output_a" = "BYPASS"
    Info (12134): Parameter "init_file" = "ROM_coin.mif"
    Info (12134): Parameter "intended_device_family" = "Cyclone II"
    Info (12134): Parameter "lpm_hint" = "ENABLE_RUNTIME_MOD=NO"
    Info (12134): Parameter "lpm_type" = "altsyncram"
    Info (12134): Parameter "numwords_a" = "16"
    Info (12134): Parameter "operation_mode" = "ROM"
    Info (12134): Parameter "outdata_aclr_a" = "NONE"
    Info (12134): Parameter "outdata_reg_a" = "UNREGISTERED"
    Info (12134): Parameter "widthad_a" = "4"
    Info (12134): Parameter "width_a" = "6"
    Info (12134): Parameter "width_byteena_a" = "1"
Info (12021): Found 1 design units, including 1 entities, in source file db/altsyncram_5v71.tdf
    Info (12023): Found entity 1: altsyncram_5v71
Info (12128): Elaborating entity "altsyncram_5v71" for hierarchy "ROM_coin:coinrom|altsyncram:altsyncram_component|altsyncram_5v71:auto_generated"
Info (12128): Elaborating entity "nbitmux" for hierarchy "nbitmux:mx"
Info (12128): Elaborating entity "BinDisplay" for hierarchy "BinDisplay:Disp_Tot"
Info (12128): Elaborating entity "BinBCD" for hierarchy "BinDisplay:Disp_Tot|BinBCD:BBCD"
Info (12128): Elaborating entity "binbcdbox" for hierarchy "BinDisplay:Disp_Tot|BinBCD:BBCD|binbcdbox:Box00"
Info (12128): Elaborating entity "BinTo7Segment" for hierarchy "BinDisplay:Disp_Tot|BinTo7Segment:Hex00"
Warning (13024): Output pins are stuck at VCC or GND
    Warning (13410): Pin "tot_Hex2[1]" is stuck at GND
    Warning (13410): Pin "state_Hex[0]" is stuck at GND
    Warning (13410): Pin "state_Hex[4]" is stuck at GND
    Warning (13410): Pin "state_Hex[5]" is stuck at GND
Info (17049): 2 registers lost all their fanouts during netlist optimizations.
Info (16010): Generating hard_block partition "hard_block:auto_generated_inst"
    Info (16011): Adding 0 node(s), including 0 DDIO, 0 PLL, 0 transceiver and 0 LCELL
Info (21057): Implemented 274 device resources after synthesis - the final resource count might be different
    Info (21058): Implemented 13 input pins
    Info (21059): Implemented 44 output pins
    Info (21061): Implemented 211 logic cells
    Info (21064): Implemented 6 RAM segments
Info: Quartus II 64-Bit Analysis & Synthesis was successful. 0 errors, 6 warnings
    Info: Peak virtual memory: 522 megabytes
    Info: Processing ended: Mon Aug 21 11:27:27 2017
    Info: Elapsed time: 00:00:09
    Info: Total CPU time (on all processors): 00:00:09


